LYDK KZ-0064 MN-0005 RKPC KP-0072 11381.87322
OTHH QA-0012 FMZJ AHY MZ-0004 8276.48971
IL-0007 LLSD OJ38 YSNB 12607.41579
TZ-0133 ER-0001 LLSD EYSB 8346.04424
AGKG FMEP FAEO 14479.13760
GW-0001 GGGB FDUB 7502.98741
VN-0038 FMNN ZZ-0002 RE-0006 10036.65843
WBGK EYJB LSPN 11896.41346
WBKU WBGR MY-0022 WBGK ID-0176 6313.68631
FMEP RE-0006 MV-0011 4586.18316
KZ-0079 KR-0017 KI-0001 11317.41779
NGON AGEV HTMG 16491.34946
ZA-0070 FDUB GH-0002 6562.57925
LSPN LSGK HHTS 5162.94146
FMNS FWSU 2179.05438
FWLK TZ-0136 VN-0055 6244.83853
FMSF FDTS FXPG BW-0061 4178.13478
ZMTL VGJR VREI ZZ-0002 FR-0314 12260.89987
LL60 LLMR 625.32873
BITM KP-0019 RK39 PWAK 13824.19391
