AGOB HU-0062 EBBX 16247.96919
LAGJ RS-0007 AGEV NWWL 17503.43287
MU-0001 LBVR ES-0122 10419.48991
TZ-0092 HTUV SLUC 11636.37264
NGMA NFNB NGAB NGTM NWWL NWWI AGKG 12292.17183
HDMO FEFI EC-0034 SE13 14971.96428
OS63 OS69 OPMT NFMA 16976.90229
WBGM TH-0012 LA-0006 PK-GRT MV-0008 VRMV 11025.15081
WAWW WBGK ID-0176 NFKD 10809.60681
ES-0265 DTTI GE-0001 UG24 5866.92510
SPRM SLSS IE-0020 12286.58003
FI-0012 SVJO SE09 EC-0010 12640.66718
BG-0020 ZMDZ JP-1974 9765.85041
LA-0006 MDV SPSI 20150.89288
LT-0019 HU-0049 SK-0008 LJCL FGAB 8554.30138
EC-0034 BE-0001 UTDL 15591.76211
FNWK FN18 AO-0012 FBOM FEFB BW-0013 10184.29156
WAPC HU-0005 RS-0007 12896.90389
BW-0061 WAPC 11748.02911
NC-0001 WPAT FI-0002 16924.24593
