LYDK PARK PARK LT-0019 EYAL KZ-0077 KP-0072 11256.77146
OTHH OTBK AE-0129 AHY MZ-0004 8141.97108
IL-0007 LLSD OJ38 YSNB 12602.24074
TZ-0133 ER-0001 LLSD EYSB 8391.50099
AGKG YMCT FAEO 14416.02409
GW-0001 GGGB FDUB 7717.42326
VN-0038 PARK FMNN ZZ-0002 PARK RE-0006 10163.82298
WBGK EYJB LSPN 11818.33846
WBKU WBGR PARK MY-0022 WBGK ID-0176 6410.60358
FMEP PARK RE-0006 MV-0011 4332.56838
KZ-0079 KR-0017 KI-0001 10857.29870
NGON PARK AGEV HTMG 16250.67011
ZA-0070 FDUB GH-0002 6457.02650
LSPN LSGK HHTS 5333.35646
FMNS FWSU 2155.24938
FWLK PARK TZ-0136 VN-0055 6237.34178
FMSF FDTS FXPG BW-0061 4142.51876
ZMTL VGJR PARK PARK PARK PARK PARK VREI ZZ-0002 FR-0314 12434.13612
LL60 LLMR 676.93298
BITM KP-0019 RK39 PWAK 14186.36516
