HU-0042 FZDR FDTM 9277.29233
ZLG GMAR IQ-0049 7321.60762
SYLD LUTR 9839.65867
NFNA PARK GB-0071 FR-0469 LFDT 19109.47124
OYHD NFKD 15788.62359
LMML LGLR EHHV 3581.49725
PH-0089 VTSE ER-0003 9679.04645
DRRA PARK MR-0002 NCAT 19596.72435
MD-0003 PARK PARK LHBC MK-0003 EHGR 4383.28146
NL-0067 PARK GB-0489 EH-0007 5139.80997
ZZ-0002 DNJA DTTG 8422.60795
SKMJ PARK GUGO PARK DNDS HRYR 13134.50398
CD-0035 PARK HHSB JO-0003 IQ-0037 7542.28075
LMML CD-0010 HRYI FBNT 8003.66841
LFNG PT-0099 LPMU LHSM 4653.93201
LUTR MD-0006 LFRN 3277.63406
SR-0005 GY-0004 VMMC 17831.58102
IQ-0037 PARK JO-0004 FDNS 8215.08318
LGAT PARK LGSA AM-0009 VDBG 9887.36281
GUCY PARK PARK GR-0028 VYMK 12794.12077
