UZ-0117 AYM VA1J HK-0008 10211.49685
GMFA PT-0099 GB-0557 GB-0624 ES-0048 5614.65595
OIMX HETR OE53 OBBS 6216.29737
VOTV VYMK VTCR MM-0001 VQ10 VQBT 7819.88742
DE-0433 GB-0624 ES-0048 3394.25512
GUSI EYVK MD-0006 7569.49842
NCMR HK-0008 VEDB 14846.23155
ESGJ NO-0054 VE-0105 10166.84451
AYEM MM-0001 IN-0059 LUTR 13897.08445
ES-0122 VEPG VVGL 11640.33143
LT-0019 GB-0624 IM-0002 SOOR 10561.31497
UGMM LTCD AL-0010 ESQO 5891.94170
SE-0074 NO-0023 EYKS EDAZ 3746.18581
AGEV VYSO FJDG 12478.23521
LASK SI-0021 SE-0074 EYPA 3988.23450
HETR UG24 LTCM 3551.49951
MM-0001 VEMZ OEPC 6272.58273
OERT AE-0129 LTAS LJPZ 6693.19902
HK-0002 HK-0001 KP-0075 KP-0005 3808.17845
RW-0002 FZQJ 1592.01907
