UZ-0117 AYM VA1J HK-0008 9970.56638
GMFA PT-0099 GB-0557 GB-0624 ES-0048 5639.31600
OIMX HETR OE53 OBBS 5438.52119
VOTV VYMK VTCR VYTN VYBM VQBT 7470.59638
DE-0433 GB-0624 ES-0048 3208.65712
GUSI EYVK MD-0006 7531.03692
NCMR PARK HK-0008 VEDB 14551.31135
ESGJ PARK NO-0054 VE-0105 10112.95966
AYEM PARK MM-0001 UGSB LUTR 14025.62892
ES-0122 VEPG VVGL 11257.61793
LT-0019 PARK GB-0624 IM-0002 SOOR 10806.21897
UGMM LTCD AL-0010 ESQO 5667.10218
SE-0074 NO-0023 EYKS EDAZ 3748.45682
AGEV VYSO FJDG 12419.84649
LASK PARK SI-0021 SE-0074 EYPA 3902.58709
HETR UG24 LTCM 3665.73601
MM-0001 VEMZ OEPC 6270.39978
OERT AE-0129 LTAS LJPZ 6070.15989
HK-0002 HK-0001 KP-0075 KP-0005 3519.50425
RW-0002 FZQJ 1413.23546
