HU-0042 FZDR FDTM 9268.59691
ZLG GMAR IQ-0049 7460.14610
SYLD LUTR 9839.65867
NFNA LHSM HU-0042 LFDT 19371.43139
OYHD NFKD 15714.33879
LMML LGLR EHHV 3707.01687
PH-0089 VTSE ER-0003 9719.01207
DRRA MR-0002 NCAT 19832.28482
MD-0003 LHBC MK-0003 EHGR 4403.27709
NL-0067 GB-0489 EH-0007 4948.81002
ZZ-0002 DNJA DTTG 8288.10970
SKMJ GUGO DNDS HRYR 13202.09533
CD-0035 HHSB JO-0003 IQ-0037 7596.54605
LMML CD-0010 HRYI FBNT 8359.49563
LFNG PT-0099 LPMU LHSM 4185.60000
LUTR MD-0006 LFRN 3121.18931
SR-0005 GY-0004 VMMC 17806.21564
IQ-0037 JO-0004 FDNS 8545.22265
LGAT LGSA AM-0009 VDBG 9902.04206
GUCY GR-0028 VYMK 12837.41681
