AGOB HU-0062 EBBX 16141.65669
LAGJ RS-0007 PARK AGEV NWWL 17406.16037
MU-0001 LBVR ES-0122 10140.36486
TZ-0092 HTUV SLUC 11516.35764
NGMA NFNB NGAB NGTM NWWL NWWI AGKG 12098.97207
HDMO FEFI EC-0034 SE13 14721.07353
OS63 OS69 PARK OPMT NFMA 17294.02729
WBGM PARK TH-0012 MY-0023 TH-0032 VRMV 10841.89110
WAWW PARK WBGK PARK ID-0176 NFKD 10475.23876
ES-0265 DTTI GE-0001 UG24 5724.48762
SPRM PARK SLSS IE-0020 12329.81641
FI-0012 SVJO SE09 EC-0010 12766.35218
BG-0020 PARK ZMDZ JP-1974 9711.72738
LA-0006 MDV SPSI 19990.40432
LT-0019 HU-0049 SK-0008 LJCL FGAB 8577.13851
EC-0034 LJMS UTDL 15540.80445
FNWK FN18 AO-0012 FBOM FEFB BW-0013 9603.52763
WAPC HU-0005 RS-0007 13113.11989
BW-0061 WAPC 11560.38361
NC-0001 PARK WPAT FI-0002 16891.87193
